\BOOKMARK [0][-]{section*.1}{Table des mati\350res}{}% 1
\BOOKMARK [0][-]{chapter.1}{Introduction}{}% 2
\BOOKMARK [1][-]{section.1.1}{Near-duplicate images \(NDI\)}{chapter.1}% 3
\BOOKMARK [1][-]{section.1.2}{Arbre phylog\351n\351tique \(Image Phylogeny Tree - IPT\)}{chapter.1}% 4
\BOOKMARK [1][-]{section.1.3}{Pourquoi se restreindre \340 la compression comme transformation ?}{chapter.1}% 5
\BOOKMARK [0][-]{chapter.2}{\311tat de l'art}{}% 6
\BOOKMARK [1][-]{section.2.1}{\311tude de l'arbre phylog\351n\351tique}{chapter.2}% 7
\BOOKMARK [1][-]{section.2.2}{Analyse des recompressions JPEG}{chapter.2}% 8
\BOOKMARK [1][-]{section.2.3}{Distances entre distributions}{chapter.2}% 9
\BOOKMARK [0][-]{chapter.3}{Notre approche}{}% 10
\BOOKMARK [1][-]{section.3.1}{Principe et th\351or\350me}{chapter.3}% 11
\BOOKMARK [1][-]{section.3.2}{L'algorithme de reconstruction}{chapter.3}% 12
\BOOKMARK [0][-]{chapter.4}{La m\351thode propos\351e}{}% 13
\BOOKMARK [1][-]{section.4.1}{Estimation du facteur de qualit\351 d'une image JPEG}{chapter.4}% 14
\BOOKMARK [1][-]{section.4.2}{Estimation du parent}{chapter.4}% 15
\BOOKMARK [0][-]{chapter.5}{R\351sultats}{}% 16
\BOOKMARK [1][-]{section.5.1}{G\351n\351ration des donn\351es}{chapter.5}% 17
\BOOKMARK [1][-]{section.5.2}{R\351sultats exp\351rimentaux}{chapter.5}% 18
\BOOKMARK [0][-]{chapter.6}{Conclusion}{}% 19
\BOOKMARK [0][-]{section*.44}{Bibliographie}{}% 20
