This is pdfTeX, Version 3.14159265-2.6-1.40.16 (TeX Live 2015/Debian) (preloaded format=pdflatex 2015.11.2)  29 FEB 2016 11:52
entering extended mode
 restricted \write18 enabled.
 %&-line parsing enabled.
**tree.tex
(./phylogeny-generator
LaTeX2e <2015/01/01>
Babel <3.9l> and hyphenation patterns for 79 languages loaded.
! Text line contains an invalid character.
l.1 ^^?
       ELF^^B^^A^^A^^@^^@^^@^^@^^@^^@^^@^^@^^@^^B^^@>^^@^^A^^@^^@^^@^^PÊA^^@...

? 
! Interruption.
<to be read again> 
                   E
l.1 ^^?E
        LF^^B^^A^^A^^@^^@^^@^^@^^@^^@^^@^^@^^@^^B^^@>^^@^^A^^@^^@^^@^^PÊA^^@...

? q
OK, entering \batchmode...

! LaTeX Error: Missing \begin{document}.

See the LaTeX manual or LaTeX Companion for explanation.
Type  H <return>  for immediate help.
 ...                                              
                                                  
l.1 ^^?E
        LF^^B^^A^^A^^@^^@^^@^^@^^@^^@^^@^^@^^@^^B^^@>^^@^^A^^@^^@^^@^^PÊA^^@...

You're in trouble here.  Try typing  <return>  to proceed.
If that doesn't work, type  X <return>  to quit.

Missing character: There is no E in font nullfont!
Missing character: There is no L in font nullfont!
Missing character: There is no F in font nullfont!
! Text line contains an invalid character.
l.1 ^^?ELF^^B
             ^^A^^A^^@^^@^^@^^@^^@^^@^^@^^@^^@^^B^^@>^^@^^A^^@^^@^^@^^PÊA^^@...
A funny symbol that I can't read has just been input.
Continue, and I'll forget that it ever happened.

! Text line contains an invalid character.
l.1 ^^?ELF^^B^^A
                ^^A^^@^^@^^@^^@^^@^^@^^@^^@^^@^^B^^@>^^@^^A^^@^^@^^@^^PÊA^^@...
A funny symbol that I can't read has just been input.
Continue, and I'll forget that it ever happened.

! Text line contains an invalid character.
l.1 ^^?ELF^^B^^A^^A
                   ^^@^^@^^@^^@^^@^^@^^@^^@^^@^^B^^@>^^@^^A^^@^^@^^@^^PÊA^^@...
A funny symbol that I can't read has just been input.
Continue, and I'll forget that it ever happened.

! Text line contains an invalid character.
l.1 ^^?ELF^^B^^A^^A^^@
                      ^^@^^@^^@^^@^^@^^@^^@^^@^^B^^@>^^@^^A^^@^^@^^@^^PÊA^^@...
A funny symbol that I can't read has just been input.
Continue, and I'll forget that it ever happened.

! Text line contains an invalid character.
l.1 ^^?ELF^^B^^A^^A^^@^^@
                         ^^@^^@^^@^^@^^@^^@^^@^^B^^@>^^@^^A^^@^^@^^@^^PÊA^^@...
A funny symbol that I can't read has just been input.
Continue, and I'll forget that it ever happened.

! Text line contains an invalid character.
l.1 ^^?ELF^^B^^A^^A^^@^^@^^@
                            ^^@^^@^^@^^@^^@^^@^^B^^@>^^@^^A^^@^^@^^@^^PÊA^^@...
A funny symbol that I can't read has just been input.
Continue, and I'll forget that it ever happened.

! Text line contains an invalid character.
l.1 ^^?ELF^^B^^A^^A^^@^^@^^@^^@
                               ^^@^^@^^@^^@^^@^^B^^@>^^@^^A^^@^^@^^@^^PÊA^^@...
A funny symbol that I can't read has just been input.
Continue, and I'll forget that it ever happened.

! Text line contains an invalid character.
l.1 ^^?ELF^^B^^A^^A^^@^^@^^@^^@^^@
                                  ^^@^^@^^@^^@^^B^^@>^^@^^A^^@^^@^^@^^PÊA^^@...
A funny symbol that I can't read has just been input.
Continue, and I'll forget that it ever happened.

! Text line contains an invalid character.
l.1 ^^?ELF^^B^^A^^A^^@^^@^^@^^@^^@^^@
                                     ^^@^^@^^@^^B^^@>^^@^^A^^@^^@^^@^^PÊA^^@...
A funny symbol that I can't read has just been input.
Continue, and I'll forget that it ever happened.

! Text line contains an invalid character.
l.1 ^^?ELF^^B^^A^^A^^@^^@^^@^^@^^@^^@^^@
                                        ^^@^^@^^B^^@>^^@^^A^^@^^@^^@^^PÊA^^@...
A funny symbol that I can't read has just been input.
Continue, and I'll forget that it ever happened.

! Text line contains an invalid character.
l.1 ^^?ELF^^B^^A^^A^^@^^@^^@^^@^^@^^@^^@^^@
                                           ^^@^^B^^@>^^@^^A^^@^^@^^@^^PÊA^^@...
A funny symbol that I can't read has just been input.
Continue, and I'll forget that it ever happened.

! Text line contains an invalid character.
l.1 ^^?ELF^^B^^A^^A^^@^^@^^@^^@^^@^^@^^@^^@^^@
                                              ^^B^^@>^^@^^A^^@^^@^^@^^PÊA^^@...
A funny symbol that I can't read has just been input.
Continue, and I'll forget that it ever happened.

! Text line contains an invalid character.
l.1 ^^?ELF^^B^^A^^A^^@^^@^^@^^@^^@^^@^^@^^@^^@^^B
                                                 ^^@>^^@^^A^^@^^@^^@^^PÊA^^@...
A funny symbol that I can't read has just been input.
Continue, and I'll forget that it ever happened.

! Text line contains an invalid character.
l.1 ...F^^B^^A^^A^^@^^@^^@^^@^^@^^@^^@^^@^^@^^B^^@
                                                  >^^@^^A^^@^^@^^@^^PÊA^^@^^...
A funny symbol that I can't read has just been input.
Continue, and I'll forget that it ever happened.

Missing character: There is no > in font nullfont!
! Text line contains an invalid character.
l.1 ...^^A^^A^^@^^@^^@^^@^^@^^@^^@^^@^^@^^B^^@>^^@
                                                  ^^A^^@^^@^^@^^PÊA^^@^^@^^@...
A funny symbol that I can't read has just been input.
Continue, and I'll forget that it ever happened.

! Text line contains an invalid character.
l.1 ...^^A^^@^^@^^@^^@^^@^^@^^@^^@^^@^^B^^@>^^@^^A
                                                  ^^@^^@^^@^^PÊA^^@^^@^^@^^@...
A funny symbol that I can't read has just been input.
Continue, and I'll forget that it ever happened.

! Text line contains an invalid character.
l.1 ...^^@^^@^^@^^@^^@^^@^^@^^@^^@^^B^^@>^^@^^A^^@
                                                  ^^@^^@^^PÊA^^@^^@^^@^^@^^@...
A funny symbol that I can't read has just been input.
Continue, and I'll forget that it ever happened.

! Text line contains an invalid character.
l.1 ...^^@^^@^^@^^@^^@^^@^^@^^@^^B^^@>^^@^^A^^@^^@
                                                  ^^@^^PÊA^^@^^@^^@^^@^^@@^^...
A funny symbol that I can't read has just been input.
Continue, and I'll forget that it ever happened.

! Text line contains an invalid character.
l.1 ...^^@^^@^^@^^@^^@^^@^^@^^B^^@>^^@^^A^^@^^@^^@
                                                  ^^PÊA^^@^^@^^@^^@^^@@^^@^^...
A funny symbol that I can't read has just been input.
Continue, and I'll forget that it ever happened.

! Text line contains an invalid character.
l.1 ...^^@^^@^^@^^@^^@^^@^^B^^@>^^@^^A^^@^^@^^@^^P
                                                  ÊA^^@^^@^^@^^@^^@@^^@^^@^^...
A funny symbol that I can't read has just been input.
Continue, and I'll forget that it ever happened.

Missing character: There is no Ê in font nullfont!
Missing character: There is no A in font nullfont!
! Text line contains an invalid character.
l.1 ...@^^@^^@^^@^^@^^B^^@>^^@^^A^^@^^@^^@^^PÊA^^@
                                                  ^^@^^@^^@^^@@^^@^^@^^@^^@^...
A funny symbol that I can't read has just been input.
Continue, and I'll forget that it ever happened.

! Text line contains an invalid character.
l.1 ...@^^@^^@^^@^^B^^@>^^@^^A^^@^^@^^@^^PÊA^^@^^@
                                                  ^^@^^@^^@@^^@^^@^^@^^@^^@^...
A funny symbol that I can't read has just been input.
Continue, and I'll forget that it ever happened.

! Text line contains an invalid character.
l.1 ...@^^@^^@^^B^^@>^^@^^A^^@^^@^^@^^PÊA^^@^^@^^@
                                                  ^^@^^@@^^@^^@^^@^^@^^@^^@^...
A funny symbol that I can't read has just been input.
Continue, and I'll forget that it ever happened.

! Text line contains an invalid character.
l.1 ...@^^@^^B^^@>^^@^^A^^@^^@^^@^^PÊA^^@^^@^^@^^@
                                                  ^^@@^^@^^@^^@^^@^^@^^@^^@è...
A funny symbol that I can't read has just been input.
Continue, and I'll forget that it ever happened.

! Text line contains an invalid character.
l.1 ...@^^B^^@>^^@^^A^^@^^@^^@^^PÊA^^@^^@^^@^^@^^@
                                                  @^^@^^@^^@^^@^^@^^@^^@èY^^...
A funny symbol that I can't read has just been input.
Continue, and I'll forget that it ever happened.

Missing character: There is no @ in font nullfont!
! Text line contains an invalid character.
l.1 ...^^@>^^@^^A^^@^^@^^@^^PÊA^^@^^@^^@^^@^^@@^^@
                                                  ^^@^^@^^@^^@^^@^^@èY^^G^^@...
A funny symbol that I can't read has just been input.
Continue, and I'll forget that it ever happened.

! Text line contains an invalid character.
l.1 ...>^^@^^A^^@^^@^^@^^PÊA^^@^^@^^@^^@^^@@^^@^^@
                                                  ^^@^^@^^@^^@^^@èY^^G^^@^^@...
A funny symbol that I can't read has just been input.
Continue, and I'll forget that it ever happened.

! Text line contains an invalid character.
l.1 ...@^^A^^@^^@^^@^^PÊA^^@^^@^^@^^@^^@@^^@^^@^^@
                                                  ^^@^^@^^@^^@èY^^G^^@^^@^^@...
A funny symbol that I can't read has just been input.
Continue, and I'll forget that it ever happened.

! Text line contains an invalid character.
l.1 ...A^^@^^@^^@^^PÊA^^@^^@^^@^^@^^@@^^@^^@^^@^^@
                                                  ^^@^^@^^@èY^^G^^@^^@^^@^^@...
A funny symbol that I can't read has just been input.
Continue, and I'll forget that it ever happened.

! Text line contains an invalid character.
l.1 ...@^^@^^@^^PÊA^^@^^@^^@^^@^^@@^^@^^@^^@^^@^^@
                                                  ^^@^^@èY^^G^^@^^@^^@^^@^^@...
A funny symbol that I can't read has just been input.
Continue, and I'll forget that it ever happened.

! Text line contains an invalid character.
l.1 ...@^^@^^PÊA^^@^^@^^@^^@^^@@^^@^^@^^@^^@^^@^^@
                                                  ^^@èY^^G^^@^^@^^@^^@^^@^^@...
A funny symbol that I can't read has just been input.
Continue, and I'll forget that it ever happened.

! Text line contains an invalid character.
l.1 ...@^^PÊA^^@^^@^^@^^@^^@@^^@^^@^^@^^@^^@^^@^^@
                                                  èY^^G^^@^^@^^@^^@^^@^^@^^@...
A funny symbol that I can't read has just been input.
Continue, and I'll forget that it ever happened.

Missing character: There is no è in font nullfont!
Missing character: There is no Y in font nullfont!
! Text line contains an invalid character.
l.1 ...A^^@^^@^^@^^@^^@@^^@^^@^^@^^@^^@^^@^^@èY^^G
                                                  ^^@^^@^^@^^@^^@^^@^^@^^@^^...
A funny symbol that I can't read has just been input.
Continue, and I'll forget that it ever happened.

! Text line contains an invalid character.
l.1 ...@^^@^^@^^@^^@@^^@^^@^^@^^@^^@^^@^^@èY^^G^^@
                                                  ^^@^^@^^@^^@^^@^^@^^@^^@@^...
A funny symbol that I can't read has just been input.
Continue, and I'll forget that it ever happened.

! Text line contains an invalid character.
l.1 ...@^^@^^@^^@@^^@^^@^^@^^@^^@^^@^^@èY^^G^^@^^@
                                                  ^^@^^@^^@^^@^^@^^@^^@@^^@8...
A funny symbol that I can't read has just been input.
Continue, and I'll forget that it ever happened.

! Text line contains an invalid character.
l.1 ...@^^@^^@@^^@^^@^^@^^@^^@^^@^^@èY^^G^^@^^@^^@
                                                  ^^@^^@^^@^^@^^@^^@@^^@8^^@...
A funny symbol that I can't read has just been input.
Continue, and I'll forget that it ever happened.

! Text line contains an invalid character.
l.1 ...@^^@@^^@^^@^^@^^@^^@^^@^^@èY^^G^^@^^@^^@^^@
                                                  ^^@^^@^^@^^@^^@@^^@8^^@	^^...
A funny symbol that I can't read has just been input.
Continue, and I'll forget that it ever happened.

! Text line contains an invalid character.
l.1 ...@@^^@^^@^^@^^@^^@^^@^^@èY^^G^^@^^@^^@^^@^^@
                                                  ^^@^^@^^@^^@@^^@8^^@	^^@@^...
A funny symbol that I can't read has just been input.
Continue, and I'll forget that it ever happened.

! Text line contains an invalid character.
l.1 ...^@^^@^^@^^@^^@^^@^^@èY^^G^^@^^@^^@^^@^^@^^@
                                                  ^^@^^@^^@@^^@8^^@	^^@@^^@^...
A funny symbol that I can't read has just been input.
Continue, and I'll forget that it ever happened.

! Text line contains an invalid character.
l.1 ...^@^^@^^@^^@^^@^^@èY^^G^^@^^@^^@^^@^^@^^@^^@
                                                  ^^@^^@@^^@8^^@	^^@@^^@^^_^...
A funny symbol that I can't read has just been input.
Continue, and I'll forget that it ever happened.

! Text line contains an invalid character.
l.1 ...^@^^@^^@^^@^^@èY^^G^^@^^@^^@^^@^^@^^@^^@^^@
                                                  ^^@@^^@8^^@	^^@@^^@^^_^^@^...
A funny symbol that I can't read has just been input.
Continue, and I'll forget that it ever happened.

! Text line contains an invalid character.
l.1 ...^@^^@^^@^^@èY^^G^^@^^@^^@^^@^^@^^@^^@^^@^^@
                                                  @^^@8^^@	^^@@^^@^^_^^@^^\^...
A funny symbol that I can't read has just been input.
Continue, and I'll forget that it ever happened.

Missing character: There is no @ in font nullfont!
! Text line contains an invalid character.
l.1 ...@^^@^^@èY^^G^^@^^@^^@^^@^^@^^@^^@^^@^^@@^^@
                                                  8^^@	^^@@^^@^^_^^@^^\^^@^^...
A funny symbol that I can't read has just been input.
Continue, and I'll forget that it ever happened.

Missing character: There is no 8 in font nullfont!
! Text line contains an invalid character.
l.1 ...^^@èY^^G^^@^^@^^@^^@^^@^^@^^@^^@^^@@^^@8^^@
                                                  	^^@@^^@^^_^^@^^\^^@^^F^^@...
A funny symbol that I can't read has just been input.
Continue, and I'll forget that it ever happened.

! Text line contains an invalid character.
l.1 ...Y^^G^^@^^@^^@^^@^^@^^@^^@^^@^^@@^^@8^^@	^^@
                                                  @^^@^^_^^@^^\^^@^^F^^@^^@^...
A funny symbol that I can't read has just been input.
Continue, and I'll forget that it ever happened.

Missing character: There is no @ in font nullfont!
! Text line contains an invalid character.
l.1 ...^^@^^@^^@^^@^^@^^@^^@^^@^^@@^^@8^^@	^^@@^^@
                                                  ^^_^^@^^\^^@^^F^^@^^@^^@^^...
A funny symbol that I can't read has just been input.
Continue, and I'll forget that it ever happened.

! Text line contains an invalid character.
l.1 ...^^@^^@^^@^^@^^@^^@^^@^^@@^^@8^^@	^^@@^^@^^_
                                                  ^^@^^\^^@^^F^^@^^@^^@^^E^^...
A funny symbol that I can't read has just been input.
Continue, and I'll forget that it ever happened.

! Text line contains an invalid character.
l.1 ...^^@^^@^^@^^@^^@^^@^^@@^^@8^^@	^^@@^^@^^_^^@
                                                  ^^\^^@^^F^^@^^@^^@^^E^^@^^...
A funny symbol that I can't read has just been input.
Continue, and I'll forget that it ever happened.

! Text line contains an invalid character.
l.1 ...^^@^^@^^@^^@^^@^^@@^^@8^^@	^^@@^^@^^_^^@^^\
                                                  ^^@^^F^^@^^@^^@^^E^^@^^@^^...
A funny symbol that I can't read has just been input.
Continue, and I'll forget that it ever happened.

! Text line contains an invalid character.
l.1 ...^^@^^@^^@^^@^^@@^^@8^^@	^^@@^^@^^_^^@^^\^^@
                                                  ^^F^^@^^@^^@^^E^^@^^@^^@@^...
A funny symbol that I can't read has just been input.
Continue, and I'll forget that it ever happened.

! Text line contains an invalid character.
l.1 ...^^@^^@^^@^^@@^^@8^^@	^^@@^^@^^_^^@^^\^^@^^F
                                                  ^^@^^@^^@^^E^^@^^@^^@@^^@^...
A funny symbol that I can't read has just been input.
Continue, and I'll forget that it ever happened.

! Text line contains an invalid character.
l.1 ...^^@^^@^^@@^^@8^^@	^^@@^^@^^_^^@^^\^^@^^F^^@
                                                  ^^@^^@^^E^^@^^@^^@@^^@^^@^...
A funny symbol that I can't read has just been input.
Continue, and I'll forget that it ever happened.

! Text line contains an invalid character.
l.1 ...^^@^^@@^^@8^^@	^^@@^^@^^_^^@^^\^^@^^F^^@^^@
                                                  ^^@^^E^^@^^@^^@@^^@^^@^^@^...
A funny symbol that I can't read has just been input.
Continue, and I'll forget that it ever happened.

! Text line contains an invalid character.
l.1 ...^^@@^^@8^^@	^^@@^^@^^_^^@^^\^^@^^F^^@^^@^^@
                                                  ^^E^^@^^@^^@@^^@^^@^^@^^@^...
A funny symbol that I can't read has just been input.
Continue, and I'll forget that it ever happened.

! Text line contains an invalid character.
l.1 ...@^^@8^^@	^^@@^^@^^_^^@^^\^^@^^F^^@^^@^^@^^E
                                                  ^^@^^@^^@@^^@^^@^^@^^@^^@^...
A funny symbol that I can't read has just been input.
Continue, and I'll forget that it ever happened.

! Text line contains an invalid character.
l.1 ...@8^^@	^^@@^^@^^_^^@^^\^^@^^F^^@^^@^^@^^E^^@
                                                  ^^@^^@@^^@^^@^^@^^@^^@^^@^...
A funny symbol that I can't read has just been input.
Continue, and I'll forget that it ever happened.

! Text line contains an invalid character.
l.1 ...^@	^^@@^^@^^_^^@^^\^^@^^F^^@^^@^^@^^E^^@^^@
                                                  ^^@@^^@^^@^^@^^@^^@^^@^^@@...
A funny symbol that I can't read has just been input.
Continue, and I'll forget that it ever happened.

! Text line contains an invalid character.
l.1 ...^^@@^^@^^_^^@^^\^^@^^F^^@^^@^^@^^E^^@^^@^^@
                                                  @^^@^^@^^@^^@^^@^^@^^@@^^@...
A funny symbol that I can't read has just been input.
Continue, and I'll forget that it ever happened.

Missing character: There is no @ in font nullfont!
! Text line contains an invalid character.
l.1 ...^^@^^_^^@^^\^^@^^F^^@^^@^^@^^E^^@^^@^^@@^^@
                                                  ^^@^^@^^@^^@^^@^^@@^^@@^^@...
A funny symbol that I can't read has just been input.
Continue, and I'll forget that it ever happened.

! Text line contains an invalid character.
l.1 ...^^_^^@^^\^^@^^F^^@^^@^^@^^E^^@^^@^^@@^^@^^@
                                                  ^^@^^@^^@^^@^^@@^^@@^^@^^@...
A funny symbol that I can't read has just been input.
Continue, and I'll forget that it ever happened.

! Text line contains an invalid character.
l.1 ...^^@^^\^^@^^F^^@^^@^^@^^E^^@^^@^^@@^^@^^@^^@
                                                  ^^@^^@^^@^^@@^^@@^^@^^@^^@...
A funny symbol that I can't read has just been input.
Continue, and I'll forget that it ever happened.

! Text line contains an invalid character.
l.1 ...^^\^^@^^F^^@^^@^^@^^E^^@^^@^^@@^^@^^@^^@^^@
                                                  ^^@^^@^^@@^^@@^^@^^@^^@^^@...
A funny symbol that I can't read has just been input.
Continue, and I'll forget that it ever happened.

! Text line contains an invalid character.
l.1 ...^^@^^F^^@^^@^^@^^E^^@^^@^^@@^^@^^@^^@^^@^^@
                                                  ^^@^^@@^^@@^^@^^@^^@^^@^^@...
A funny symbol that I can't read has just been input.
Continue, and I'll forget that it ever happened.

! Text line contains an invalid character.
l.1 ...^^F^^@^^@^^@^^E^^@^^@^^@@^^@^^@^^@^^@^^@^^@
                                                  ^^@@^^@@^^@^^@^^@^^@^^@@^^...
A funny symbol that I can't read has just been input.
Continue, and I'll forget that it ever happened.

! Text line contains an invalid character.
l.1 ...^^@^^@^^@^^E^^@^^@^^@@^^@^^@^^@^^@^^@^^@^^@
                                                  @^^@@^^@^^@^^@^^@^^@@^^@@^...
A funny symbol that I can't read has just been input.
Continue, and I'll forget that it ever happened.

Missing character: There is no @ in font nullfont!
! Text line contains an invalid character.
l.1 ...^@^^@^^E^^@^^@^^@@^^@^^@^^@^^@^^@^^@^^@@^^@
                                                  @^^@^^@^^@^^@^^@@^^@@^^@^^...
A funny symbol that I can't read has just been input.
Continue, and I'll forget that it ever happened.

Missing character: There is no @ in font nullfont!
! Text line contains an invalid character.
l.1 ...@^^E^^@^^@^^@@^^@^^@^^@^^@^^@^^@^^@@^^@@^^@
                                                  ^^@^^@^^@^^@@^^@@^^@^^@^^@...
A funny symbol that I can't read has just been input.
Continue, and I'll forget that it ever happened.

! Text line contains an invalid character.
l.1 ...E^^@^^@^^@@^^@^^@^^@^^@^^@^^@^^@@^^@@^^@^^@
                                                  ^^@^^@^^@@^^@@^^@^^@^^@^^@...
A funny symbol that I can't read has just been input.
Continue, and I'll forget that it ever happened.

! Text line contains an invalid character.
l.1 ...@^^@^^@@^^@^^@^^@^^@^^@^^@^^@@^^@@^^@^^@^^@
                                                  ^^@^^@@^^@@^^@^^@^^@^^@^^@...
A funny symbol that I can't read has just been input.
Continue, and I'll forget that it ever happened.

! Text line contains an invalid character.
l.1 ...@^^@@^^@^^@^^@^^@^^@^^@^^@@^^@@^^@^^@^^@^^@
                                                  ^^@@^^@@^^@^^@^^@^^@^^@ø^^...
A funny symbol that I can't read has just been input.
Continue, and I'll forget that it ever happened.

! Text line contains an invalid character.
l.1 ...@@^^@^^@^^@^^@^^@^^@^^@@^^@@^^@^^@^^@^^@^^@
                                                  @^^@@^^@^^@^^@^^@^^@ø^^A^^...
A funny symbol that I can't read has just been input.
Continue, and I'll forget that it ever happened.

Missing character: There is no @ in font nullfont!
! Text line contains an invalid character.
l.1 ...@^^@^^@^^@^^@^^@^^@@^^@@^^@^^@^^@^^@^^@@^^@
                                                  @^^@^^@^^@^^@^^@ø^^A^^@^^@...
A funny symbol that I can't read has just been input.
Continue, and I'll forget that it ever happened.

Missing character: There is no @ in font nullfont!
! Text line contains an invalid character.
l.1 ...^^@^^@^^@^^@^^@@^^@@^^@^^@^^@^^@^^@@^^@@^^@
                                                  ^^@^^@^^@^^@ø^^A^^@^^@^^@^...
A funny symbol that I can't read has just been input.
Continue, and I'll forget that it ever happened.

! Text line contains an invalid character.
l.1 ...^^@^^@^^@^^@@^^@@^^@^^@^^@^^@^^@@^^@@^^@^^@
                                                  ^^@^^@^^@ø^^A^^@^^@^^@^^@^...
A funny symbol that I can't read has just been input.
Continue, and I'll forget that it ever happened.

! Text line contains an invalid character.
l.1 ...^^@^^@^^@@^^@@^^@^^@^^@^^@^^@@^^@@^^@^^@^^@
                                                  ^^@^^@ø^^A^^@^^@^^@^^@^^@^...
A funny symbol that I can't read has just been input.
Continue, and I'll forget that it ever happened.

! Text line contains an invalid character.
l.1 ...^^@^^@@^^@@^^@^^@^^@^^@^^@@^^@@^^@^^@^^@^^@
                                                  ^^@ø^^A^^@^^@^^@^^@^^@^^@ø...
A funny symbol that I can't read has just been input.
Continue, and I'll forget that it ever happened.

! Text line contains an invalid character.
l.1 ...^^@@^^@@^^@^^@^^@^^@^^@@^^@@^^@^^@^^@^^@^^@
                                                  ø^^A^^@^^@^^@^^@^^@^^@ø^^A...
A funny symbol that I can't read has just been input.
Continue, and I'll forget that it ever happened.

Missing character: There is no ø in font nullfont!
! Text line contains an invalid character.
l.1 ...^^@@^^@^^@^^@^^@^^@@^^@@^^@^^@^^@^^@^^@ø^^A
                                                  ^^@^^@^^@^^@^^@^^@ø^^A^^@^...
A funny symbol that I can't read has just been input.
Continue, and I'll forget that it ever happened.

! Text line contains an invalid character.
l.1 ...@^^@^^@^^@^^@^^@@^^@@^^@^^@^^@^^@^^@ø^^A^^@
                                                  ^^@^^@^^@^^@^^@ø^^A^^@^^@^...
A funny symbol that I can't read has just been input.
Continue, and I'll forget that it ever happened.

! Text line contains an invalid character.
l.1 ...@^^@^^@^^@^^@@^^@@^^@^^@^^@^^@^^@ø^^A^^@^^@
                                                  ^^@^^@^^@^^@ø^^A^^@^^@^^@^...
A funny symbol that I can't read has just been input.
Continue, and I'll forget that it ever happened.

! Text line contains an invalid character.
l.1 ...@^^@^^@^^@@^^@@^^@^^@^^@^^@^^@ø^^A^^@^^@^^@
                                                  ^^@^^@^^@ø^^A^^@^^@^^@^^@^...
A funny symbol that I can't read has just been input.
Continue, and I'll forget that it ever happened.

! Text line contains an invalid character.
l.1 ...@^^@^^@@^^@@^^@^^@^^@^^@^^@ø^^A^^@^^@^^@^^@
                                                  ^^@^^@ø^^A^^@^^@^^@^^@^^@^...
A funny symbol that I can't read has just been input.
Continue, and I'll forget that it ever happened.

! Text line contains an invalid character.
l.1 ...@^^@@^^@@^^@^^@^^@^^@^^@ø^^A^^@^^@^^@^^@^^@
                                                  ^^@ø^^A^^@^^@^^@^^@^^@^^@^...
A funny symbol that I can't read has just been input.
Continue, and I'll forget that it ever happened.

! Text line contains an invalid character.
l.1 ...@@^^@@^^@^^@^^@^^@^^@ø^^A^^@^^@^^@^^@^^@^^@
                                                  ø^^A^^@^^@^^@^^@^^@^^@^^H^...
A funny symbol that I can't read has just been input.
Continue, and I'll forget that it ever happened.

Missing character: There is no ø in font nullfont!
! Text line contains an invalid character.
l.1 ...@@^^@^^@^^@^^@^^@ø^^A^^@^^@^^@^^@^^@^^@ø^^A
                                                  ^^@^^@^^@^^@^^@^^@^^H^^@^^...
A funny symbol that I can't read has just been input.
Continue, and I'll forget that it ever happened.

! Text line contains an invalid character.
l.1 ...^@^^@^^@^^@^^@ø^^A^^@^^@^^@^^@^^@^^@ø^^A^^@
                                                  ^^@^^@^^@^^@^^@^^H^^@^^@^^...
A funny symbol that I can't read has just been input.
Continue, and I'll forget that it ever happened.

! Text line contains an invalid character.
l.1 ...^@^^@^^@^^@ø^^A^^@^^@^^@^^@^^@^^@ø^^A^^@^^@
                                                  ^^@^^@^^@^^@^^H^^@^^@^^@^^...
A funny symbol that I can't read has just been input.
Continue, and I'll forget that it ever happened.

! Text line contains an invalid character.
l.1 ...^@^^@^^@ø^^A^^@^^@^^@^^@^^@^^@ø^^A^^@^^@^^@
                                                  ^^@^^@^^@^^H^^@^^@^^@^^@^^...
A funny symbol that I can't read has just been input.
Continue, and I'll forget that it ever happened.

! Text line contains an invalid character.
l.1 ...^@^^@ø^^A^^@^^@^^@^^@^^@^^@ø^^A^^@^^@^^@^^@
                                                  ^^@^^@^^H^^@^^@^^@^^@^^@^^...
A funny symbol that I can't read has just been input.
Continue, and I'll forget that it ever happened.

! Text line contains an invalid character.
l.1 ...^@ø^^A^^@^^@^^@^^@^^@^^@ø^^A^^@^^@^^@^^@^^@
                                                  ^^@^^H^^@^^@^^@^^@^^@^^@^^...
A funny symbol that I can't read has just been input.
Continue, and I'll forget that it ever happened.

! Text line contains an invalid character.
l.1 ...^^A^^@^^@^^@^^@^^@^^@ø^^A^^@^^@^^@^^@^^@^^@
                                                  ^^H^^@^^@^^@^^@^^@^^@^^@^^...
A funny symbol that I can't read has just been input.
Continue, and I'll forget that it ever happened.

! Text line contains an invalid character.
l.1 ...^^@^^@^^@^^@^^@^^@ø^^A^^@^^@^^@^^@^^@^^@^^H
                                                  ^^@^^@^^@^^@^^@^^@^^@^^C^^...
A funny symbol that I can't read has just been input.
Continue, and I'll forget that it ever happened.

! Text line contains an invalid character.
l.1 ...^^@^^@^^@^^@^^@ø^^A^^@^^@^^@^^@^^@^^@^^H^^@
                                                  ^^@^^@^^@^^@^^@^^@^^C^^@^^...
A funny symbol that I can't read has just been input.
Continue, and I'll forget that it ever happened.

! Text line contains an invalid character.
l.1 ...^^@^^@^^@^^@ø^^A^^@^^@^^@^^@^^@^^@^^H^^@^^@
                                                  ^^@^^@^^@^^@^^@^^C^^@^^@^^...
A funny symbol that I can't read has just been input.
Continue, and I'll forget that it ever happened.

! Text line contains an invalid character.
l.1 ...^^@^^@^^@ø^^A^^@^^@^^@^^@^^@^^@^^H^^@^^@^^@
                                                  ^^@^^@^^@^^@^^C^^@^^@^^@^^...
A funny symbol that I can't read has just been input.
Continue, and I'll forget that it ever happened.

! Text line contains an invalid character.
l.1 ...^^@^^@ø^^A^^@^^@^^@^^@^^@^^@^^H^^@^^@^^@^^@
                                                  ^^@^^@^^@^^C^^@^^@^^@^^D^^...
A funny symbol that I can't read has just been input.
Continue, and I'll forget that it ever happened.

! Text line contains an invalid character.
l.1 ...^^@ø^^A^^@^^@^^@^^@^^@^^@^^H^^@^^@^^@^^@^^@
                                                  ^^@^^@^^C^^@^^@^^@^^D^^@^^...
A funny symbol that I can't read has just been input.
Continue, and I'll forget that it ever happened.

! Text line contains an invalid character.
l.1 ...ø^^A^^@^^@^^@^^@^^@^^@^^H^^@^^@^^@^^@^^@^^@
                                                  ^^@^^C^^@^^@^^@^^D^^@^^@^^...
A funny symbol that I can't read has just been input.
Continue, and I'll forget that it ever happened.

! Text line contains an invalid character.
l.1 ...A^^@^^@^^@^^@^^@^^@^^H^^@^^@^^@^^@^^@^^@^^@
                                                  ^^C^^@^^@^^@^^D^^@^^@^^@8^...
(That makes 100 errors; please try again.) 
Here is how much of TeX's memory you used:
 6 strings out of 493085
 180 string characters out of 6136917
 53103 words of memory out of 5000000
 3590 multiletter control sequences out of 15000+600000
 3640 words of font info for 14 fonts, out of 8000000 for 9000
 1141 hyphenation exceptions out of 8191
 5i,0n,4p,689b,14s stack positions out of 5000i,500n,10000p,200000b,80000s

!  ==> Fatal error occurred, no output PDF file produced!
